#-----------------------------------------------------------
# Vivado v2020.1 (64-bit)
# SW Build 2902540 on Wed May 27 19:54:49 MDT 2020
# IP Build 2902112 on Wed May 27 22:43:36 MDT 2020
# Start of session at: Wed May  8 22:03:21 2024
# Process ID: 18360
# Current directory: C:/Users/User/Desktop/integrated_project/stopwatch_complete
# Command line: vivado.exe -gui_launcher_event rodinguilauncherevent20124 C:\Users\User\Desktop\integrated_project\stopwatch_complete\stopwatch_complete.xpr
# Log file: C:/Users/User/Desktop/integrated_project/stopwatch_complete/vivado.log
# Journal file: C:/Users/User/Desktop/integrated_project/stopwatch_complete\vivado.jou
#-----------------------------------------------------------
start_gui
open_project C:/Users/User/Desktop/integrated_project/stopwatch_complete/stopwatch_complete.xpr
INFO: [Project 1-313] Project file moved from 'C:/Users/Sufyan/Desktop/stopwatch_complete' since last save.
Scanning sources...
Finished scanning sources
INFO: [IP_Flow 19-234] Refreshing IP repositories
INFO: [IP_Flow 19-1704] No user IP repositories specified
INFO: [IP_Flow 19-2313] Loaded Vivado IP repository 'D:/Zain/Vivado/2020.1/data/ip'.
open_project: Time (s): cpu = 00:00:21 ; elapsed = 00:00:15 . Memory (MB): peak = 1029.512 ; gain = 0.000
update_compile_order -fileset sources_1
